2026-06-28T09:16:49.8370002Z Current runner version: '2.335.1'
##[group]Runner Image Provisioner
Hosted Compute Agent
Version: 20260611.554
Commit: 5e0782fdc9014723d3be820dd114dd31555c2bd1
Build Date: 2026-06-11T21:40:46Z
Worker ID: {a7c0810d-e768-47c6-96a1-30190c179283}
Azure Region: northcentralus
##[endgroup]
##[group]Operating System
Ubuntu
24.04.4
LTS
##[endgroup]
##[group]Runner Image
Image: ubuntu-24.04
Version: 20260622.220.1
Included Software: https://github.com/actions/runner-images/blob/ubuntu24/20260622.220/images/ubuntu/Ubuntu2404-Readme.md
Image Release: https://github.com/actions/runner-images/releases/tag/ubuntu24%2F20260622.220
##[endgroup]
##[group]GITHUB_TOKEN Permissions
Contents: read
Metadata: read
##[endgroup]
Secret source: Actions
Prepare workflow directory
Prepare all required actions
Getting action download info
Download action repository 'actions/checkout@v5' (SHA:93cb6efe18208431cddfb8368fd83d5badbf9bfd)
Download action repository 'actions/setup-node@v5' (SHA:a0853c24544627f65ddf259abe73b1d18a591444)
Complete job name: Live-data audits
##[group]Run actions/checkout@v5
with:
  repository: Dwarves77/dotfiles
  token: ***
  ssh-strict: true
  ssh-user: git
  persist-credentials: true
  clean: true
  sparse-checkout-cone-mode: true
  fetch-depth: 1
  fetch-tags: false
  show-progress: true
  lfs: false
  submodules: false
  set-safe-directory: true
##[endgroup]
Syncing repository: Dwarves77/dotfiles
##[group]Getting Git version info
Working directory is '/home/runner/work/dotfiles/dotfiles'
[command]/usr/bin/git version
git version 2.54.0
##[endgroup]
Temporarily overriding HOME='/home/runner/work/_temp/09b9dbc9-fec3-4bd6-b3d7-a5462c7abcca' before making global git config changes
Adding repository directory to the temporary git global config as a safe directory
[command]/usr/bin/git config --global --add safe.directory /home/runner/work/dotfiles/dotfiles
Deleting the contents of '/home/runner/work/dotfiles/dotfiles'
##[group]Initializing the repository
[command]/usr/bin/git init /home/runner/work/dotfiles/dotfiles
hint: Using 'master' as the name for the initial branch. This default branch name
hint: will change to "main" in Git 3.0. To configure the initial branch name
hint: to use in all of your new repositories, which will suppress this warning,
hint: call:
hint:
hint: 	git config --global init.defaultBranch <name>
hint:
hint: Names commonly chosen instead of 'master' are 'main', 'trunk' and
hint: 'development'. The just-created branch can be renamed via this command:
hint:
hint: 	git branch -m <name>
hint:
hint: Disable this message with "git config set advice.defaultBranchName false"
Initialized empty Git repository in /home/runner/work/dotfiles/dotfiles/.git/
[command]/usr/bin/git remote add origin https://github.com/Dwarves77/dotfiles
##[endgroup]
##[group]Disabling automatic garbage collection
[command]/usr/bin/git config --local gc.auto 0
##[endgroup]
##[group]Setting up auth
[command]/usr/bin/git config --local --name-only --get-regexp core\.sshCommand
[command]/usr/bin/git submodule foreach --recursive sh -c "git config --local --name-only --get-regexp 'core\.sshCommand' && git config --local --unset-all 'core.sshCommand' || :"
[command]/usr/bin/git config --local --name-only --get-regexp http\.https\:\/\/github\.com\/\.extraheader
[command]/usr/bin/git submodule foreach --recursive sh -c "git config --local --name-only --get-regexp 'http\.https\:\/\/github\.com\/\.extraheader' && git config --local --unset-all 'http.https://github.com/.extraheader' || :"
[command]/usr/bin/git config --local --name-only --get-regexp ^includeIf\.gitdir:
[command]/usr/bin/git submodule foreach --recursive git config --local --show-origin --name-only --get-regexp remote.origin.url
[command]/usr/bin/git config --local http.https://github.com/.extraheader AUTHORIZATION: basic ***
##[endgroup]
##[group]Fetching the repository
[command]/usr/bin/git -c protocol.version=2 fetch --no-tags --prune --no-recurse-submodules --depth=1 origin +dc27e36d76858a1c5aa126b8a54e68ea63692162:refs/remotes/origin/master
From https://github.com/Dwarves77/dotfiles
 * [new ref]         dc27e36d76858a1c5aa126b8a54e68ea63692162 -> origin/master
##[endgroup]
##[group]Determining the checkout info
##[endgroup]
[command]/usr/bin/git sparse-checkout disable
[command]/usr/bin/git config --local --unset-all extensions.worktreeConfig
##[group]Checking out the ref
[command]/usr/bin/git checkout --progress --force -B master refs/remotes/origin/master
Reset branch 'master'
branch 'master' set up to track 'origin/master'.
##[endgroup]
[command]/usr/bin/git log -1 --format=%H
dc27e36d76858a1c5aa126b8a54e68ea63692162
##[group]Run actions/setup-node@v5
with:
  node-version: 24
  cache: npm
  cache-dependency-path: fsi-app/package-lock.json
  always-auth: false
  check-latest: false
  token: ***
  package-manager-cache: true
##[endgroup]
Found in cache @ /opt/hostedtoolcache/node/24.17.0/x64
(node:2313) [DEP0040] DeprecationWarning: The `punycode` module is deprecated. Please use a userland alternative instead.
(Use `node --trace-deprecation ...` to show where the warning was created)
##[group]Environment details
node: v24.17.0
npm: 11.13.0
yarn: 1.22.22
##[endgroup]
[command]/opt/hostedtoolcache/node/24.17.0/x64/bin/npm config get cache
/home/runner/.npm
Cache hit for: node-cache-Linux-x64-npm-f59f9ecf89b7c1791c165c2e956a7bc55f19ace77b1510e8a874a7edf70a139a
(node:2313) [DEP0169] DeprecationWarning: `url.parse()` behavior is not standardized and prone to errors that have security implications. Use the WHATWG URL API instead. CVEs are not issued for `url.parse()` vulnerabilities.
Received 142606336 of 206555949 (69.0%), 135.3 MBs/sec
Received 206555949 of 206555949 (100.0%), 163.7 MBs/sec
Cache Size: ~197 MB (206555949 B)
[command]/usr/bin/tar -xf /home/runner/work/_temp/d3e9def9-f736-4f8f-bf4b-0b0b1bdb8f80/cache.tzst -P -C /home/runner/work/dotfiles/dotfiles --use-compress-program unzstd
Cache restored successfully
Cache restored from key: node-cache-Linux-x64-npm-f59f9ecf89b7c1791c165c2e956a7bc55f19ace77b1510e8a874a7edf70a139a
##[group]Run npm ci --prefer-offline --no-audit
[36;1mnpm ci --prefer-offline --no-audit[0m
shell: /usr/bin/bash -e {0}
##[endgroup]

added 958 packages in 16s

371 packages are looking for funding
  run `npm fund` for details
##[group]Run node scripts/verify/run-data-audit-lane.mjs
[36;1mnode scripts/verify/run-data-audit-lane.mjs[0m
shell: /usr/bin/bash -e {0}
env:
  NEXT_PUBLIC_SUPABASE_URL: ***
  SUPABASE_SERVICE_ROLE_KEY: ***
  SUPABASE_DB_PASSWORD: ***
##[endgroup]

──────── one-tier-per-host ────────
[one-tier-per-host] institutions checked: 752 | multi-tier violations: 1
  VIOLATION sinir.gov.br                       base_tiers={1:1,2:1}

FAIL: 1 host(s) carry inconsistent base_tier without a tier_override. Canonicalize via Phase 0' / source-credibility-model.

──────── claims-tier ────────
[claims-tier] claims: 7748 (FACT 6256) | FACT stamp!=resolved: 264 | non-FACT carrying a stamp: 45
  MISMATCH FACT 00f48333 stored=null expected=5 host=climatecatalyst.org
  MISMATCH FACT 01c71cac stored=1 expected=NULL host=
  MISMATCH FACT 022a09f9 stored=1 expected=NULL host=
  MISMATCH ANALYSIS 035289c5 stored=3 expected=NULL
  MISMATCH FACT 036b19b5 stored=null expected=5 host=mayerbrown.com
  MISMATCH ANALYSIS 03a0f986 stored=5 expected=NULL
  MISMATCH FACT 03e5eb5c stored=1 expected=NULL host=
  MISMATCH ANALYSIS 041c10eb stored=4 expected=NULL
  MISMATCH FACT 0440a733 stored=1 expected=NULL host=
  MISMATCH FACT 05d8a72d stored=2 expected=NULL host=
  MISMATCH FACT 0763ea50 stored=null expected=5 host=dieselnet.com
  MISMATCH FACT 082ff09d stored=1 expected=NULL host=

FAIL: 309 claim(s) violate claims-tier honesty (no constants; non-FACT must be NULL). Re-stamp via the Phase 1 backfill.

──────── substrate-agreement ────────
[substrate-agreement] checkable items: 334 | STALE-VERIFIED: 0 | STALE-QUARANTINED: 2
  DISAGREE eu_ets_directive_2023_959 stored=quarantined validate()=verified
  DISAGREE 50ccd5cc         stored=quarantined validate()=verified

FAIL: 2 item(s) whose stored provenance_status disagrees with validate(). A gate/slot change must ship a corpus revalidation (status-is-a-cache rule).

──────── ledger-onepass ────────

===== E1 ONE-PASS LEDGER VERIFIER (deterministic; resolver + per-type floor) =====
claims 7748 | FACT checked 6142 | items 334

ASSERTION A — resolver fidelity:
  FACT stamp != resolver tier: 264 | FACT source_id != resolver: 278 | non-FACT carrying a stamp: 45

ASSERTION B — per-type floor consistency (no verified item with a below-floor FACT):
  verified-despite-below-floor violations: 0

CROSS-FORMAT (item_type | floor | items | verified | quarantined | items-with-below-floor-FACT):
  directive        floor=2      items=  8 verified=  5 quar=  3 below=  1
  framework        floor=2      items= 20 verified= 14 quar=  6 below=  1
  guidance         floor=2      items= 21 verified= 18 quar=  3 below=  1
  initiative       floor=EXEMPT items= 30 verified= 28 quar=  2 below=  0
  market_signal    floor=EXEMPT items= 72 verified= 69 quar=  3 below=  0
  regional_data    floor=EXEMPT items= 30 verified= 26 quar=  4 below=  0
  regulation       floor=2      items= 97 verified= 50 quar= 47 below= 14
  research_finding floor=4      items= 47 verified= 42 quar=  5 below=  2
  standard         floor=2      items=  9 verified=  4 quar=  5 below=  0

drift samples:
  stamp drift: claim 00f48333 stored=null resolver=5 url=https://climatecatalyst.org/learning-hub/sustain
  stamp drift: claim 01c71cac stored=1 resolver=null url=
  stamp drift: claim 022a09f9 stored=1 resolver=null url=
  non-FACT stamped: claim 035289c5 kind=ANALYSIS tier=3
  stamp drift: claim 036b19b5 stored=null resolver=5 url=https://www.mayerbrown.com/en/insights/publicati
  non-FACT stamped: claim 03a0f986 kind=ANALYSIS tier=5

FAIL: ledger drifts from the settled primitives (see above)

──────── vocab-sync ────────
  OK   severity: 13 values match
  OK   priority: 4 values match
  OK   urgency_tier: 4 values match
  OK   format_type: 5 values match
  OK   signal_band: 3 values match
  OK   theme: 7 values match
[vocab-sync] columns checked: 6 | drift: 0
PASS: every metadata vocabulary matches its live CHECK constraint.

──────── orphan-source ────────

===== SOURCE-REGISTRATION INVARIANT (read-only) =====
source-y archived items: 247  |  active source hosts: 553  |  ORPHANS: 0
invariant holds: every source-y archive has a registered, active source.

──────── quarantine-disposition ────────

===== RESEARCH-OR-ERASE / QUARANTINE-DISPOSITION INVARIANT (read-only) =====
live-quarantined: 78  |  within-bound (≤14d, being worked): 2  |  ENQUEUE-MISSING: 0
past-bound split → undispositioned past-bound: 1 (HARD tripwire) [0 fresh crossing, 1 resurrected — deferral expired, clock re-fired]  |  deferred past-bound: 75 (standing, reason+window recorded)
undispositioned past-bound by item_type: {"regulation":1}

── UNDISPOSITIONED PAST-BOUND (sitting > 14d, NO valid deferral — the permanent-quarantine class) ──
  eu-corporate-sustainability-reporting-directive-csrd-transport-provisions   20d regulation      EU Corporate Sustainability Reporting Dire

── DEFERRED PAST-BOUND (valid time-bounded deferral — standing, does NOT fail the lane) ──
  03b5f234       until 2026-07-02 owner=operator (Jason) Norway Enacts Zero-Emission Re
  0ea6a710       until 2026-07-02 owner=operator (Jason) New York State Truck & Motor C
  eu_ets_directive_2023_959 until 2026-07-02 owner=operator (Jason) EU 2023/959 — Directive amendi
  27dfbe4c       until 2026-07-02 owner=operator (Jason) China's Environmental Code: Fi
  w4_ca_sb261    until 2026-07-02 owner=operator (Jason) California SB 261 — Climate-Re
  c8             until 2026-07-02 owner=operator (Jason) ISSB IFRS S2
  388b2ce8       until 2026-07-02 owner=operator (Jason) Project JOLT Advances eHGV Rea
  w4_ca_sb253    until 2026-07-02 owner=operator (Jason) California SB 253 — Climate Co
  496340f0       until 2026-07-02 owner=operator (Jason) Iowa Department of Transportat
  l6             until 2026-07-02 owner=operator (Jason) EPA Heavy-Duty Phase 3 Rule
  4ff5cf56       until 2026-07-02 owner=operator (Jason) Wyoming DEQ Receives EPA Parti
  50ccd5cc       until 2026-07-02 owner=operator (Jason) Smart Freight Centre Releases 
  576554b3       until 2026-07-02 owner=operator (Jason) UK Transport Decarbonisation P
  canada-clean-fuel-regulations-phase-2 until 2026-07-02 owner=operator (Jason) Canada Clean Fuel Regulations 
  5b9b05c7       until 2026-07-02 owner=operator (Jason) Florida DEP Notice of Proposed
  5cc10a6d       until 2026-07-02 owner=operator (Jason) EU Regulation 2025/40 - Offici
  r28            until 2026-07-02 owner=operator (Jason) H2 Accelerate
  l10            until 2026-07-02 owner=operator (Jason) DOT National Freight Strategic
  sustainable-aviation-fuel-saf-production-pricing until 2026-07-02 owner=operator (Jason) Sustainable Aviation Fuel (SAF
  t6             until 2026-07-02 owner=operator (Jason) ICAP ETS Map
  67434312       until 2026-07-02 owner=operator (Jason) Colorado DOT Environmental Pro
  g18            until 2026-07-02 owner=operator (Jason) Japan MLIT
  w4_ca_ab1305   until 2026-07-02 owner=operator (Jason) California AB 1305 — Voluntary
  6a857887       until 2026-07-02 owner=operator (Jason) Lei nº 12.305/2010 - Política 
  g20            until 2026-07-02 owner=operator (Jason) Singapore Green Plan 2030
  solar-battery-energy-storage-for-warehouses until 2026-07-02 owner=operator (Jason) Solar & Battery Energy Storage
  7115c978       until 2026-07-02 owner=operator (Jason) WTO Trade and Environment Fram
  782878c0       until 2026-07-02 owner=operator (Jason) The Renewable Transport Fuel O
  7a0ead55       until 2026-07-02 owner=operator (Jason) EU Regulation 2023/1805 - Offi
  g34            until 2026-07-02 owner=operator (Jason) CountEmissions EU
  c4             until 2026-07-02 owner=operator (Jason) ISO 14083
  82f09535       until 2026-07-02 owner=operator (Jason) Zero-Emission Requirements for
  eu-net-zero-industry-act-2024-1735 until 2026-07-02 owner=operator (Jason) EU Net-Zero Industry Act (Regu
  85a7a629       until 2026-07-02 owner=operator (Jason) IPCC Opens Second-Order Draft 
  89656109       until 2026-07-02 owner=operator (Jason) NYC Benchmarking and Energy Ef
  eu_clean_trucking_2024_1610 until 2026-07-02 owner=operator (Jason) EU 2024/1610 — CO₂ emission pe
  g26            until 2026-07-02 owner=operator (Jason) IRENA Abu Dhabi
  uk-streamlined-energy-and-carbon-reporting-secr-amendment until 2026-07-02 owner=operator (Jason) UK Streamlined Energy and Carb
  g22            until 2026-07-02 owner=operator (Jason) China CCICED
  93c344a1       until 2026-07-02 owner=operator (Jason) EEXI and CII Mandatory Carbon 
  … +35 more

  HEADS-UP: 75 deferral(s) re-fire within ~7d (will re-open as undispositioned if not worked):
    03b5f234       until 2026-07-02
    0ea6a710       until 2026-07-02
    eu_ets_directive_2023_959 until 2026-07-02
    27dfbe4c       until 2026-07-02
    w4_ca_sb261    until 2026-07-02
    c8             until 2026-07-02
    388b2ce8       until 2026-07-02
    w4_ca_sb253    until 2026-07-02
    496340f0       until 2026-07-02
    l6             until 2026-07-02
    4ff5cf56       until 2026-07-02
    50ccd5cc       until 2026-07-02
    576554b3       until 2026-07-02
    canada-clean-fuel-regulations-phase-2 until 2026-07-02
    5b9b05c7       until 2026-07-02
    5cc10a6d       until 2026-07-02
    r28            until 2026-07-02
    l10            until 2026-07-02
    sustainable-aviation-fuel-saf-production-pricing until 2026-07-02
    t6             until 2026-07-02

LANE-FAIL REASON: 1 RESURRECTED (deferral expired, clock re-fired, disposition still pending).  Deferred standing (NOT a failure): 75.

DISPOSITION (research-or-erase, never leave sitting): run scripts/regen-quarantined.mjs to
research -> re-ground (RECOVER), else honest ARCHIVE / REGISTER-as-source, OR record a VALID
time-bounded deferral (reason names blocker + disposition path, future resolution event, owner).
Drive the UNDISPOSITIONED count to 0.

──────── unregistered-span-host ────────
[unregistered-span-host] FACT claims grounded on an UNREGISTERED host (NULL-stamp): 836
  top unregistered institutions: ladwp.com(27) irs.gov(20) arxiv.org(18) mainelegislature.org(18) promiseenergy.com(18) hydrogencouncil.com(17) cim.io(17) cms-lawnow.com(16) aoshearman.com(15) economia.gob.mx(14) thetrucker.com(13) afsa.org(13) lovdata.no(12) gem.wiki(12) argusmedia.com(12)
  baseline floor: 841
PASS: unregistered-span count 836 <= baseline 841 (no regression; Phase 2 reduces the backlog).

──────── skill-conformance ────────

===== SKILL-CONFORMANCE AUDIT (read-only, 334 items) =====
FULLY conformant (all checks pass): 247  |  need work: 87

failures by check (count of items failing each):
  C1 contract (not current skill version): 64
  C2 format_type (missing/wrong):          82
  C3 severity (missing/invalid):           6
  C4 citations (<3 inline sources):        10
  C5 sections (below format minimum):      13
  C7 topic_tags (OUT-OF-VOCAB only):       59
  C8 integrity flag (unresolved):          1

INFORMATIONAL (skill permits empty as honest — NOT conformance failures):
  intersection-readiness empty: 68  | topic_tags empty: 10

of the non-conformant: 0 are ONLY contract-version-stale (content may still be fine);
64 have at least one CONTENT-quality failure (citations/sections/topics/integrity).

per-item detail -> scripts/_diag/_conformance.json

[persist DRY-RUN] would INSERT 0 new conformance flags, RESOLVE 138. Pass --apply to write to integrity_flags.

════════ DATA-AUDIT LANE SUMMARY ════════
  FAIL  [hard] one-tier-per-host
  FAIL  [hard] claims-tier
  FAIL  [hard] substrate-agreement
  FAIL  [hard] ledger-onepass
  PASS  [hard] vocab-sync
  PASS  [hard] orphan-source
  FAIL  [hard] quarantine-disposition
  PASS  [hard] unregistered-span-host
  PASS  [soft] skill-conformance

hard failures/errors: 5 | soft (informational): 0
[block-state] RED — refreshed existing block 1efd645a-b150-4b76-b19e-353b3d33ba21 (one-tier-per-host, claims-tier, substrate-agreement, ledger-onepass, quarantine-disposition).
LANE FAIL: one-tier-per-host, claims-tier, substrate-agreement, ledger-onepass, quarantine-disposition
##[error]Process completed with exit code 1.
Post job cleanup.
[command]/usr/bin/git version
git version 2.54.0
Temporarily overriding HOME='/home/runner/work/_temp/be2131a9-ce48-4955-a5fb-3c50f08568ba' before making global git config changes
Adding repository directory to the temporary git global config as a safe directory
[command]/usr/bin/git config --global --add safe.directory /home/runner/work/dotfiles/dotfiles
[command]/usr/bin/git config --local --name-only --get-regexp core\.sshCommand
[command]/usr/bin/git submodule foreach --recursive sh -c "git config --local --name-only --get-regexp 'core\.sshCommand' && git config --local --unset-all 'core.sshCommand' || :"
[command]/usr/bin/git config --local --name-only --get-regexp http\.https\:\/\/github\.com\/\.extraheader
http.https://github.com/.extraheader
[command]/usr/bin/git config --local --unset-all http.https://github.com/.extraheader
[command]/usr/bin/git submodule foreach --recursive sh -c "git config --local --name-only --get-regexp 'http\.https\:\/\/github\.com\/\.extraheader' && git config --local --unset-all 'http.https://github.com/.extraheader' || :"
[command]/usr/bin/git config --local --name-only --get-regexp ^includeIf\.gitdir:
[command]/usr/bin/git submodule foreach --recursive git config --local --show-origin --name-only --get-regexp remote.origin.url
Cleaning up orphan processes
