
[7a0ead55] EU Regulation 2023/1805 - Offici   …streaming +5686 chars (5686 total)
  …streaming +5943 chars (11629 total)
  …streaming +6540 chars (18169 total)
  …streaming +5776 chars (23945 total)
  …streaming +5770 chars (29715 total)
  …streaming +5603 chars (35318 total)
  …streaming +5607 chars (40925 total)
  …streaming +5479 chars (46404 total)
  …streaming +5868 chars (52272 total)
  …streaming +5255 chars (57527 total)
  …streaming +5516 chars (63043 total)
  …streaming +6918 chars (6918 total)
  …streaming +7505 chars (14423 total)
  …streaming +8821 chars (23244 total)
  …streaming +7945 chars (31189 total)
  …streaming +7277 chars (38466 total)
  …streaming +6822 chars (45288 total)
  …streaming +6903 chars (52191 total)
  …streaming +7483 chars (59674 total)
  …streaming +7113 chars (66787 total)
  …streaming +6439 chars (73226 total)
refresh+ground FAIL(validation failed [fact_below_authority_)
[5cc10a6d] EU Regulation 2025/40 - Official [truncation-guard] item 5cc10a6d-b671-425e-abdb-8b3ba41678b3: https://eur-lex.europa.eu/EN/legal-content/summary/packaging-and-packaging-waste-from-2026.html — collected 7444/13579 chars (cap 7444; synthesis-budget)
[truncation-guard] item 5cc10a6d-b671-425e-abdb-8b3ba41678b3: https://eur-lex.europa.eu/eli/C/2025/946/oj/eng — collected 7444/11290 chars (cap 7444; synthesis-budget)
[truncation-guard] item 5cc10a6d-b671-425e-abdb-8b3ba41678b3: https://environment.ec.europa.eu/topics/waste-and-recycling/packaging-waste_en — collected 7444/7902 chars (cap 7444; synthesis-budget)
[truncation-guard] item 5cc10a6d-b671-425e-abdb-8b3ba41678b3: https://environment.ec.europa.eu/document/download/3d59ca88-539c-4b6b-a623-0f61068e853e_en — collected 7444/40000 chars (cap 7444; synthesis-budget)
[truncation-guard] item 5cc10a6d-b671-425e-abdb-8b3ba41678b3: https://eur-lex.europa.eu/legal-content/EN/TXT/HTML/?uri=OJ%3AL_202500040 — collected 7444/40000 chars (cap 7444; synthesis-budget)
[truncation-guard] item 5cc10a6d-b671-425e-abdb-8b3ba41678b3: https://www.ecosistant.eu/en/eu-packaging-regulation-e-commerce/ — collected 7444/35707 chars (cap 7444; synthesis-budget)
[truncation-guard] item 5cc10a6d-b671-425e-abdb-8b3ba41678b3: https://impactbuying.com/packaging-and-packaging-waste-regulation/ — collected 7444/29445 chars (cap 7444; synthesis-budget)
[truncation-guard] item 5cc10a6d-b671-425e-abdb-8b3ba41678b3: https://www.coolset.com/academy/ppwr-recyclability-grades-and-recycled-content-targets-what-importers-need-to-know — collected 7444/16756 chars (cap 7444; synthesis-budget)
[truncation-guard] item 5cc10a6d-b671-425e-abdb-8b3ba41678b3: https://www.intertek.com/products-retail/insight-bulletins/2026/1536-eu-ppwr-requirements-effective-from-august/ — collected 7444/16327 chars (cap 7444; synthesis-budget)
[truncation-guard] item 5cc10a6d-b671-425e-abdb-8b3ba41678b3: https://www.complir.io/resources/guides/extended-producer-responsibility-eu-guide — collected 7444/20010 chars (cap 7444; synthesis-budget)
[truncation-guard] item 5cc10a6d-b671-425e-abdb-8b3ba41678b3: https://renewable-carbon.eu/news/eu-enforces-ambitious-packaging-and-recycling-rules-as-new-packaging-and-packaging-waste-regulation-takes-effect-today/ — collected 7444/8924 chars (cap 7444; synthesis-budget)
[truncation-guard] item 5cc10a6d-b671-425e-abdb-8b3ba41678b3: https://www.complymarket.com/en/blogs/eu-packaging-regulation — collected 7444/26573 chars (cap 7444; synthesis-budget)
  …streaming +5687 chars (5687 total)
  …streaming +6138 chars (11825 total)
  …streaming +6782 chars (18607 total)
  …streaming +6948 chars (25555 total)
  …streaming +5435 chars (30990 total)
  …streaming +6793 chars (37783 total)
  …streaming +5684 chars (43467 total)
  …streaming +6400 chars (49867 total)
  …streaming +6478 chars (56345 total)
  …streaming +5871 chars (62216 total)
  …streaming +5858 chars (68074 total)
  …streaming +5416 chars (73490 total)
[truncation-guard] item 5cc10a6d-b671-425e-abdb-8b3ba41678b3: https://eur-lex.europa.eu/EN/legal-content/summary/packaging-and-packaging-waste-from-2026.html — collected 7444/13579 chars (cap 7444; synthesis-budget)
[truncation-guard] item 5cc10a6d-b671-425e-abdb-8b3ba41678b3: https://eur-lex.europa.eu/eli/C/2025/946/oj/eng — collected 7444/11290 chars (cap 7444; synthesis-budget)
[truncation-guard] item 5cc10a6d-b671-425e-abdb-8b3ba41678b3: https://environment.ec.europa.eu/topics/waste-and-recycling/packaging-waste_en — collected 7444/7902 chars (cap 7444; synthesis-budget)
[truncation-guard] item 5cc10a6d-b671-425e-abdb-8b3ba41678b3: https://environment.ec.europa.eu/document/download/3d59ca88-539c-4b6b-a623-0f61068e853e_en — collected 7444/40000 chars (cap 7444; synthesis-budget)
[truncation-guard] item 5cc10a6d-b671-425e-abdb-8b3ba41678b3: https://eur-lex.europa.eu/legal-content/EN/TXT/HTML/?uri=OJ%3AL_202500040 — collected 7444/40000 chars (cap 7444; synthesis-budget)
[truncation-guard] item 5cc10a6d-b671-425e-abdb-8b3ba41678b3: https://www.ecosistant.eu/en/eu-packaging-regulation-e-commerce/ — collected 7444/35707 chars (cap 7444; synthesis-budget)
[truncation-guard] item 5cc10a6d-b671-425e-abdb-8b3ba41678b3: https://impactbuying.com/packaging-and-packaging-waste-regulation/ — collected 7444/29445 chars (cap 7444; synthesis-budget)
[truncation-guard] item 5cc10a6d-b671-425e-abdb-8b3ba41678b3: https://www.coolset.com/academy/ppwr-recyclability-grades-and-recycled-content-targets-what-importers-need-to-know — collected 7444/16756 chars (cap 7444; synthesis-budget)
[truncation-guard] item 5cc10a6d-b671-425e-abdb-8b3ba41678b3: https://www.intertek.com/products-retail/insight-bulletins/2026/1536-eu-ppwr-requirements-effective-from-august/ — collected 7444/16327 chars (cap 7444; synthesis-budget)
[truncation-guard] item 5cc10a6d-b671-425e-abdb-8b3ba41678b3: https://www.complir.io/resources/guides/extended-producer-responsibility-eu-guide — collected 7444/20010 chars (cap 7444; synthesis-budget)
[truncation-guard] item 5cc10a6d-b671-425e-abdb-8b3ba41678b3: https://renewable-carbon.eu/news/eu-enforces-ambitious-packaging-and-recycling-rules-as-new-packaging-and-packaging-waste-regulation-takes-effect-today/ — collected 7444/8924 chars (cap 7444; synthesis-budget)
[truncation-guard] item 5cc10a6d-b671-425e-abdb-8b3ba41678b3: https://www.complymarket.com/en/blogs/eu-packaging-regulation — collected 7444/26573 chars (cap 7444; synthesis-budget)
  …streaming +7927 chars (7927 total)
  …streaming +7144 chars (15071 total)
  …streaming +7392 chars (22463 total)
  …streaming +9188 chars (31651 total)
  …streaming +7484 chars (39135 total)
  …streaming +6673 chars (45808 total)
refresh+ground OK
[8c186db2] EU 2024/1610 — CO₂ emission perf 